# JRE version: OpenJDK Runtime Environment (8.0_152-b01) (build 1.8.0_152-release-1248-b01)
# Java VM: OpenJDK 64-Bit Server VM (25.152-b01 mixed mode bsd-amd64 compressed oops)
Heap:
 PSYoungGen      total 295424K, used 65182K [0x00000007aab00000, 0x00000007bf780000, 0x00000007c0000000)
  eden space 247808K, 24% used [0x00000007aab00000,0x00000007ae564018,0x00000007b9d00000)
  from space 47616K, 11% used [0x00000007bc900000,0x00000007bce43910,0x00000007bf780000)
  to   space 45056K, 0% used [0x00000007b9d00000,0x00000007b9d00000,0x00000007bc900000)
 ParOldGen       total 530432K, used 418287K [0x0000000780000000, 0x00000007a0600000, 0x00000007aab00000)
  object space 530432K, 78% used [0x0000000780000000,0x000000079987bfb0,0x00000007a0600000)
 Metaspace       used 107570K, capacity 113781K, committed 117016K, reserved 1150976K
  class space    used 13519K, capacity 14773K, committed 15400K, reserved 1048576K
GC Heap History (10 events):
Event: 8413.478 GC heap before
{Heap before GC invocations=98 (full 8):
 PSYoungGen      total 272384K, used 214031K [0x00000007aab00000, 0x00000007bf600000, 0x00000007c0000000)
  eden space 208384K, 100% used [0x00000007aab00000,0x00000007b7680000,0x00000007b7680000)
  from space 64000K, 8% used [0x00000007b7680000,0x00000007b7c03df0,0x00000007bb500000)
  to   space 60416K, 0% used [0x00000007bbb00000,0x00000007bbb00000,0x00000007bf600000)
 ParOldGen       total 530432K, used 389948K [0x0000000780000000, 0x00000007a0600000, 0x00000007aab00000)
  object space 530432K, 73% used [0x0000000780000000,0x0000000797ccf1e0,0x00000007a0600000)
 Metaspace       used 107561K, capacity 113717K, committed 117016K, reserved 1150976K
  class space    used 13519K, capacity 14773K, committed 15400K, reserved 1048576K
Event: 8413.518 GC heap after
Heap after GC invocations=98 (full 8):
 PSYoungGen      total 281600K, used 6368K [0x00000007aab00000, 0x00000007bf680000, 0x00000007c0000000)
  eden space 221184K, 0% used [0x00000007aab00000,0x00000007aab00000,0x00000007b8300000)
  from space 60416K, 10% used [0x00000007bbb00000,0x00000007bc138210,0x00000007bf600000)
  to   space 57344K, 0% used [0x00000007b8300000,0x00000007b8300000,0x00000007bbb00000)
 ParOldGen       total 530432K, used 395190K [0x0000000780000000, 0x00000007a0600000, 0x00000007aab00000)
  object space 530432K, 74% used [0x0000000780000000,0x00000007981ed8e0,0x00000007a0600000)
 Metaspace       used 107561K, capacity 113717K, committed 117016K, reserved 1150976K
  class space    used 13519K, capacity 14773K, committed 15400K, reserved 1048576K
}
Event: 8414.102 GC heap before
{Heap before GC invocations=99 (full 8):
 PSYoungGen      total 281600K, used 227552K [0x00000007aab00000, 0x00000007bf680000, 0x00000007c0000000)
  eden space 221184K, 100% used [0x00000007aab00000,0x00000007b8300000,0x00000007b8300000)
  from space 60416K, 10% used [0x00000007bbb00000,0x00000007bc138210,0x00000007bf600000)
  to   space 57344K, 0% used [0x00000007b8300000,0x00000007b8300000,0x00000007bbb00000)
 ParOldGen       total 530432K, used 395190K [0x0000000780000000, 0x00000007a0600000, 0x00000007aab00000)
  object space 530432K, 74% used [0x0000000780000000,0x00000007981ed8e0,0x00000007a0600000)
 Metaspace       used 107561K, capacity 113717K, committed 117016K, reserved 1150976K
  class space    used 13519K, capacity 14773K, committed 15400K, reserved 1048576K
Event: 8414.129 GC heap after
Heap after GC invocations=99 (full 8):
 PSYoungGen      total 278528K, used 6186K [0x00000007aab00000, 0x00000007bf600000, 0x00000007c0000000)
  eden space 221184K, 0% used [0x00000007aab00000,0x00000007aab00000,0x00000007b8300000)
  from space 57344K, 10% used [0x00000007b8300000,0x00000007b890abf0,0x00000007bbb00000)
  to   space 53760K, 0% used [0x00000007bc180000,0x00000007bc180000,0x00000007bf600000)
 ParOldGen       total 530432K, used 400959K [0x0000000780000000, 0x00000007a0600000, 0x00000007aab00000)
  object space 530432K, 75% used [0x0000000780000000,0x000000079878ffb0,0x00000007a0600000)
 Metaspace       used 107561K, capacity 113717K, committed 117016K, reserved 1150976K
  class space    used 13519K, capacity 14773K, committed 15400K, reserved 1048576K
}
Event: 8414.757 GC heap before
{Heap before GC invocations=100 (full 8):
 PSYoungGen      total 278528K, used 227370K [0x00000007aab00000, 0x00000007bf600000, 0x00000007c0000000)
  eden space 221184K, 100% used [0x00000007aab00000,0x00000007b8300000,0x00000007b8300000)
  from space 57344K, 10% used [0x00000007b8300000,0x00000007b890abf0,0x00000007bbb00000)
  to   space 53760K, 0% used [0x00000007bc180000,0x00000007bc180000,0x00000007bf600000)
 ParOldGen       total 530432K, used 400959K [0x0000000780000000, 0x00000007a0600000, 0x00000007aab00000)
  object space 530432K, 75% used [0x0000000780000000,0x000000079878ffb0,0x00000007a0600000)
 Metaspace       used 107567K, capacity 113781K, committed 117016K, reserved 1150976K
  class space    used 13519K, capacity 14773K, committed 15400K, reserved 1048576K
Event: 8414.788 GC heap after
Heap after GC invocations=100 (full 8):
 PSYoungGen      total 288256K, used 6210K [0x00000007aab00000, 0x00000007bf680000, 0x00000007c0000000)
  eden space 234496K, 0% used [0x00000007aab00000,0x00000007aab00000,0x00000007b9000000)
  from space 53760K, 11% used [0x00000007bc180000,0x00000007bc790b50,0x00000007bf600000)
  to   space 50688K, 0% used [0x00000007b9000000,0x00000007b9000000,0x00000007bc180000)
 ParOldGen       total 530432K, used 406729K [0x0000000780000000, 0x00000007a0600000, 0x00000007aab00000)
  object space 530432K, 76% used [0x0000000780000000,0x0000000798d32638,0x00000007a0600000)
 Metaspace       used 107567K, capacity 113781K, committed 117016K, reserved 1150976K
  class space    used 13519K, capacity 14773K, committed 15400K, reserved 1048576K
}
Event: 8415.361 GC heap before
{Heap before GC invocations=101 (full 8):
 PSYoungGen      total 288256K, used 240706K [0x00000007aab00000, 0x00000007bf680000, 0x00000007c0000000)
  eden space 234496K, 100% used [0x00000007aab00000,0x00000007b9000000,0x00000007b9000000)
  from space 53760K, 11% used [0x00000007bc180000,0x00000007bc790b50,0x00000007bf600000)
  to   space 50688K, 0% used [0x00000007b9000000,0x00000007b9000000,0x00000007bc180000)
 ParOldGen       total 530432K, used 406729K [0x0000000780000000, 0x00000007a0600000, 0x00000007aab00000)
  object space 530432K, 76% used [0x0000000780000000,0x0000000798d32638,0x00000007a0600000)
 Metaspace       used 107567K, capacity 113781K, committed 117016K, reserved 1150976K
  class space    used 13519K, capacity 14773K, committed 15400K, reserved 1048576K
Event: 8415.379 GC heap after
Heap after GC invocations=101 (full 8):
 PSYoungGen      total 285184K, used 6528K [0x00000007aab00000, 0x00000007bf800000, 0x00000007c0000000)
  eden space 234496K, 0% used [0x00000007aab00000,0x00000007aab00000,0x00000007b9000000)
  from space 50688K, 12% used [0x00000007b9000000,0x00000007b9660010,0x00000007bc180000)
  to   space 48128K, 0% used [0x00000007bc900000,0x00000007bc900000,0x00000007bf800000)
 ParOldGen       total 530432K, used 412635K [0x0000000780000000, 0x00000007a0600000, 0x00000007aab00000)
  object space 530432K, 77% used [0x0000000780000000,0x00000007992f6e18,0x00000007a0600000)
 Metaspace       used 107567K, capacity 113781K, committed 117016K, reserved 1150976K
  class space    used 13519K, capacity 14773K, committed 15400K, reserved 1048576K
}
Event: 8415.992 GC heap before
{Heap before GC invocations=102 (full 8):
 PSYoungGen      total 285184K, used 241024K [0x00000007aab00000, 0x00000007bf800000, 0x00000007c0000000)
  eden space 234496K, 100% used [0x00000007aab00000,0x00000007b9000000,0x00000007b9000000)
  from space 50688K, 12% used [0x00000007b9000000,0x00000007b9660010,0x00000007bc180000)
  to   space 48128K, 0% used [0x00000007bc900000,0x00000007bc900000,0x00000007bf800000)
 ParOldGen       total 530432K, used 412635K [0x0000000780000000, 0x00000007a0600000, 0x00000007aab00000)
  object space 530432K, 77% used [0x0000000780000000,0x00000007992f6e18,0x00000007a0600000)
 Metaspace       used 107568K, capacity 113781K, committed 117016K, reserved 1150976K
  class space    used 13519K, capacity 14773K, committed 15400K, reserved 1048576K
Event: 8416.012 GC heap after
Heap after GC invocations=102 (full 8):
 PSYoungGen      total 295424K, used 5390K [0x00000007aab00000, 0x00000007bf780000, 0x00000007c0000000)
  eden space 247808K, 0% used [0x00000007aab00000,0x00000007aab00000,0x00000007b9d00000)
  from space 47616K, 11% used [0x00000007bc900000,0x00000007bce43910,0x00000007bf780000)
  to   space 45056K, 0% used [0x00000007b9d00000,0x00000007b9d00000,0x00000007bc900000)
 ParOldGen       total 530432K, used 418287K [0x0000000780000000, 0x00000007a0600000, 0x00000007aab00000)
  object space 530432K, 78% used [0x0000000780000000,0x000000079987bfb0,0x00000007a0600000)
 Metaspace       used 107568K, capacity 113781K, committed 117016K, reserved 1150976K
  class space    used 13519K, capacity 14773K, committed 15400K, reserved 1048576K
}

